<?xml version="1.0" encoding="UTF-8"?>
<!-- Generated by org.testng.reporters.JUnitXMLReporter -->
<testsuite ignored="0" hostname="WIN-6ET41NIRQ95" failures="19" tests="20" name="Test" time="278.032" errors="0" timestamp="2024-01-18T01:20:15 PST">
  <testcase classname="com.kavi.demo.TestCases.DDD" name="DDDT" time="14.14">
    <failure type="java.lang.AssertionError" message="expected [https://qpot.omfysgroup.com/dashboard] but found [https://qpot.omfysgroup.com/]">
      <![CDATA[java.lang.AssertionError: expected [https://qpot.omfysgroup.com/dashboard] but found [https://qpot.omfysgroup.com/]
at com.kavi.demo.TestCases.DDD.DDDT(DDD.java:56)
at java.base/java.util.ArrayList.forEach(ArrayList.java:1511)
... Removed 31 stack frames]]>
    </failure>
  </testcase> <!-- DDDT -->
  <testcase classname="com.kavi.demo.TestCases.DDD" name="DDDT" time="13.565">
    <failure type="java.lang.AssertionError" message="expected [https://qpot.omfysgroup.com/dashboard] but found [https://qpot.omfysgroup.com/]">
      <![CDATA[java.lang.AssertionError: expected [https://qpot.omfysgroup.com/dashboard] but found [https://qpot.omfysgroup.com/]
at com.kavi.demo.TestCases.DDD.DDDT(DDD.java:56)
at java.base/java.util.ArrayList.forEach(ArrayList.java:1511)
... Removed 31 stack frames]]>
    </failure>
  </testcase> <!-- DDDT -->
  <testcase classname="com.kavi.demo.TestCases.DDD" name="DDDT" time="13.521">
    <failure type="java.lang.AssertionError" message="expected [https://qpot.omfysgroup.com/dashboard] but found [https://qpot.omfysgroup.com/]">
      <![CDATA[java.lang.AssertionError: expected [https://qpot.omfysgroup.com/dashboard] but found [https://qpot.omfysgroup.com/]
at com.kavi.demo.TestCases.DDD.DDDT(DDD.java:56)
at java.base/java.util.ArrayList.forEach(ArrayList.java:1511)
... Removed 31 stack frames]]>
    </failure>
  </testcase> <!-- DDDT -->
  <testcase classname="com.kavi.demo.TestCases.DDD" name="DDDT" time="13.364">
    <failure type="java.lang.AssertionError" message="expected [https://qpot.omfysgroup.com/dashboard] but found [https://qpot.omfysgroup.com/]">
      <![CDATA[java.lang.AssertionError: expected [https://qpot.omfysgroup.com/dashboard] but found [https://qpot.omfysgroup.com/]
at com.kavi.demo.TestCases.DDD.DDDT(DDD.java:91)
at java.base/java.util.ArrayList.forEach(ArrayList.java:1511)
... Removed 31 stack frames]]>
    </failure>
  </testcase> <!-- DDDT -->
  <testcase classname="com.kavi.demo.TestCases.DDD" name="DDDT" time="13.453">
    <failure type="java.lang.AssertionError" message="expected [https://qpot.omfysgroup.com/dashboard] but found [https://qpot.omfysgroup.com/]">
      <![CDATA[java.lang.AssertionError: expected [https://qpot.omfysgroup.com/dashboard] but found [https://qpot.omfysgroup.com/]
at com.kavi.demo.TestCases.DDD.DDDT(DDD.java:56)
at java.base/java.util.ArrayList.forEach(ArrayList.java:1511)
... Removed 31 stack frames]]>
    </failure>
  </testcase> <!-- DDDT -->
  <testcase classname="com.kavi.demo.TestCases.DDD" name="DDDT" time="18.219"/>
  <testcase classname="com.kavi.demo.TestCases.DDD" name="DDDT" time="13.626">
    <failure type="java.lang.AssertionError" message="expected [https://qpot.omfysgroup.com/dashboard] but found [https://qpot.omfysgroup.com/]">
      <![CDATA[java.lang.AssertionError: expected [https://qpot.omfysgroup.com/dashboard] but found [https://qpot.omfysgroup.com/]
at com.kavi.demo.TestCases.DDD.DDDT(DDD.java:56)
at java.base/java.util.ArrayList.forEach(ArrayList.java:1511)
... Removed 31 stack frames]]>
    </failure>
  </testcase> <!-- DDDT -->
  <testcase classname="com.kavi.demo.TestCases.DDD" name="DDDT" time="13.505">
    <failure type="java.lang.AssertionError" message="expected [https://qpot.omfysgroup.com/dashboard] but found [https://qpot.omfysgroup.com/]">
      <![CDATA[java.lang.AssertionError: expected [https://qpot.omfysgroup.com/dashboard] but found [https://qpot.omfysgroup.com/]
at com.kavi.demo.TestCases.DDD.DDDT(DDD.java:56)
at java.base/java.util.ArrayList.forEach(ArrayList.java:1511)
... Removed 31 stack frames]]>
    </failure>
  </testcase> <!-- DDDT -->
  <testcase classname="com.kavi.demo.TestCases.DDD" name="DDDT" time="11.363">
    <failure type="java.lang.AssertionError" message="expected [https://qpot.omfysgroup.com/dashboard] but found [https://qpot.omfysgroup.com/]">
      <![CDATA[java.lang.AssertionError: expected [https://qpot.omfysgroup.com/dashboard] but found [https://qpot.omfysgroup.com/]
at com.kavi.demo.TestCases.DDD.DDDT(DDD.java:126)
at java.base/java.util.ArrayList.forEach(ArrayList.java:1511)
... Removed 31 stack frames]]>
    </failure>
  </testcase> <!-- DDDT -->
  <testcase classname="com.kavi.demo.TestCases.DDD" name="DDDT" time="13.331">
    <failure type="java.lang.AssertionError" message="expected [https://qpot.omfysgroup.com/dashboard] but found [https://qpot.omfysgroup.com/]">
      <![CDATA[java.lang.AssertionError: expected [https://qpot.omfysgroup.com/dashboard] but found [https://qpot.omfysgroup.com/]
at com.kavi.demo.TestCases.DDD.DDDT(DDD.java:91)
at java.base/java.util.ArrayList.forEach(ArrayList.java:1511)
... Removed 31 stack frames]]>
    </failure>
  </testcase> <!-- DDDT -->
  <testcase classname="com.kavi.demo.TestCases.DDD" name="DDDT" time="13.449">
    <failure type="java.lang.AssertionError" message="expected [https://qpot.omfysgroup.com/dashboard] but found [https://qpot.omfysgroup.com/]">
      <![CDATA[java.lang.AssertionError: expected [https://qpot.omfysgroup.com/dashboard] but found [https://qpot.omfysgroup.com/]
at com.kavi.demo.TestCases.DDD.DDDT(DDD.java:56)
at java.base/java.util.ArrayList.forEach(ArrayList.java:1511)
... Removed 31 stack frames]]>
    </failure>
  </testcase> <!-- DDDT -->
  <testcase classname="com.kavi.demo.TestCases.DDD" name="DDDT" time="13.422">
    <failure type="java.lang.AssertionError" message="expected [https://qpot.omfysgroup.com/dashboard] but found [https://qpot.omfysgroup.com/]">
      <![CDATA[java.lang.AssertionError: expected [https://qpot.omfysgroup.com/dashboard] but found [https://qpot.omfysgroup.com/]
at com.kavi.demo.TestCases.DDD.DDDT(DDD.java:56)
at java.base/java.util.ArrayList.forEach(ArrayList.java:1511)
... Removed 31 stack frames]]>
    </failure>
  </testcase> <!-- DDDT -->
  <testcase classname="com.kavi.demo.TestCases.DDD" name="DDDT" time="13.386">
    <failure type="java.lang.AssertionError" message="expected [https://qpot.omfysgroup.com/dashboard] but found [https://qpot.omfysgroup.com/]">
      <![CDATA[java.lang.AssertionError: expected [https://qpot.omfysgroup.com/dashboard] but found [https://qpot.omfysgroup.com/]
at com.kavi.demo.TestCases.DDD.DDDT(DDD.java:56)
at java.base/java.util.ArrayList.forEach(ArrayList.java:1511)
... Removed 31 stack frames]]>
    </failure>
  </testcase> <!-- DDDT -->
  <testcase classname="com.kavi.demo.TestCases.DDD" name="DDDT" time="11.203">
    <failure type="java.lang.AssertionError" message="expected [https://qpot.omfysgroup.com/dashboard] but found [https://qpot.omfysgroup.com/]">
      <![CDATA[java.lang.AssertionError: expected [https://qpot.omfysgroup.com/dashboard] but found [https://qpot.omfysgroup.com/]
at com.kavi.demo.TestCases.DDD.DDDT(DDD.java:158)
at java.base/java.util.ArrayList.forEach(ArrayList.java:1511)
... Removed 31 stack frames]]>
    </failure>
  </testcase> <!-- DDDT -->
  <testcase classname="com.kavi.demo.TestCases.DDD" name="DDDT" time="11.178">
    <failure type="java.lang.AssertionError" message="expected [https://qpot.omfysgroup.com/dashboard] but found [https://qpot.omfysgroup.com/]">
      <![CDATA[java.lang.AssertionError: expected [https://qpot.omfysgroup.com/dashboard] but found [https://qpot.omfysgroup.com/]
at com.kavi.demo.TestCases.DDD.DDDT(DDD.java:158)
at java.base/java.util.ArrayList.forEach(ArrayList.java:1511)
... Removed 31 stack frames]]>
    </failure>
  </testcase> <!-- DDDT -->
  <testcase classname="com.kavi.demo.TestCases.DDD" name="DDDT" time="11.181">
    <failure type="java.lang.AssertionError" message="expected [https://qpot.omfysgroup.com/dashboard] but found [https://qpot.omfysgroup.com/]">
      <![CDATA[java.lang.AssertionError: expected [https://qpot.omfysgroup.com/dashboard] but found [https://qpot.omfysgroup.com/]
at com.kavi.demo.TestCases.DDD.DDDT(DDD.java:158)
at java.base/java.util.ArrayList.forEach(ArrayList.java:1511)
... Removed 31 stack frames]]>
    </failure>
  </testcase> <!-- DDDT -->
  <testcase classname="com.kavi.demo.TestCases.DDD" name="DDDT" time="11.166">
    <failure type="java.lang.AssertionError" message="expected [https://qpot.omfysgroup.com/dashboard] but found [https://qpot.omfysgroup.com/]">
      <![CDATA[java.lang.AssertionError: expected [https://qpot.omfysgroup.com/dashboard] but found [https://qpot.omfysgroup.com/]
at com.kavi.demo.TestCases.DDD.DDDT(DDD.java:158)
at java.base/java.util.ArrayList.forEach(ArrayList.java:1511)
... Removed 31 stack frames]]>
    </failure>
  </testcase> <!-- DDDT -->
  <testcase classname="com.kavi.demo.TestCases.DDD" name="DDDT" time="11.181">
    <failure type="java.lang.AssertionError" message="expected [https://qpot.omfysgroup.com/dashboard] but found [https://qpot.omfysgroup.com/]">
      <![CDATA[java.lang.AssertionError: expected [https://qpot.omfysgroup.com/dashboard] but found [https://qpot.omfysgroup.com/]
at com.kavi.demo.TestCases.DDD.DDDT(DDD.java:158)
at java.base/java.util.ArrayList.forEach(ArrayList.java:1511)
... Removed 31 stack frames]]>
    </failure>
  </testcase> <!-- DDDT -->
  <testcase classname="com.kavi.demo.TestCases.DDD" name="DDDT" time="11.162">
    <failure type="java.lang.AssertionError" message="expected [https://qpot.omfysgroup.com/dashboard] but found [https://qpot.omfysgroup.com/]">
      <![CDATA[java.lang.AssertionError: expected [https://qpot.omfysgroup.com/dashboard] but found [https://qpot.omfysgroup.com/]
at com.kavi.demo.TestCases.DDD.DDDT(DDD.java:158)
at java.base/java.util.ArrayList.forEach(ArrayList.java:1511)
... Removed 31 stack frames]]>
    </failure>
  </testcase> <!-- DDDT -->
  <testcase classname="com.kavi.demo.TestCases.DDD" name="DDDT" time="11.183">
    <failure type="java.lang.AssertionError" message="expected [https://qpot.omfysgroup.com/dashboard] but found [https://qpot.omfysgroup.com/]">
      <![CDATA[java.lang.AssertionError: expected [https://qpot.omfysgroup.com/dashboard] but found [https://qpot.omfysgroup.com/]
at com.kavi.demo.TestCases.DDD.DDDT(DDD.java:158)
at java.base/java.util.ArrayList.forEach(ArrayList.java:1511)
... Removed 31 stack frames]]>
    </failure>
  </testcase> <!-- DDDT -->
</testsuite> <!-- Test -->
